#
# There is insufficient memory for the Java Runtime Environment to continue.
# Native memory allocation (mmap) failed to map 107374182400 bytes for G1 virtual space
# Possible reasons:
#   The system is out of physical RAM or swap space
# Possible solutions:
#   Reduce memory load on the system
#   Increase physical memory or swap space
#   Check if swap backing store is full
#   Decrease Java heap size (-Xmx/-Xms)
#   Decrease number of Java threads
#   Decrease Java thread stack sizes (-Xss)
#   Set larger code cache with -XX:ReservedCodeCacheSize=
# This output file may be truncated or incomplete.
#
#  Out of Memory Error (os_windows.cpp:3536), pid=9536, tid=4468
#
# JRE version:  (19.0.2+7) (build )
# Java VM: Java HotSpot(TM) 64-Bit Server VM (19.0.2+7-44, mixed mode, sharing, tiered, compressed class ptrs, g1 gc, windows-amd64)
# No core dump will be written. Minidumps are not enabled by default on client versions of Windows
#

---------------  S U M M A R Y ------------

Command Line: -Xms102400M -javaagent:C:\Users\jorge\AppData\Local\JetBrains\IntelliJ IDEA 2023.2.4\lib\idea_rt.jar=40538:C:\Users\jorge\AppData\Local\JetBrains\IntelliJ IDEA 2023.2.4\bin -Dfile.encoding=UTF-8 -Dsun.stdout.encoding=UTF-8 -Dsun.stderr.encoding=UTF-8 p7.Cuadrado_Numerico_Ramifica

Host: Intel(R) Core(TM) i7-10510U CPU @ 1.80GHz, 8 cores, 15G,  Windows 11 , 64 bit Build 22621 (10.0.22621.3527)
Time: Sun May  5 12:06:19 2024 Hora de verano romance elapsed time: 0.026685 seconds (0d 0h 0m 0s)

---------------  T H R E A D  ---------------

Current thread (0x000001f897fc1c70):  JavaThread "Unknown thread" [_thread_in_vm, id=4468, stack(0x0000006570a00000,0x0000006570b00000)]

Stack: [0x0000006570a00000,0x0000006570b00000]
Native frames: (J=compiled Java code, j=interpreted, Vv=VM code, C=native code)
V  [jvm.dll+0x6ee21a]
V  [jvm.dll+0x85765e]
V  [jvm.dll+0x85904e]
V  [jvm.dll+0x859703]
V  [jvm.dll+0x28298f]
V  [jvm.dll+0x6eb009]
V  [jvm.dll+0x6dfbaa]
V  [jvm.dll+0x3573f6]
V  [jvm.dll+0x35ee56]
V  [jvm.dll+0x3b541e]
V  [jvm.dll+0x3b564f]
V  [jvm.dll+0x32c9ea]
V  [jvm.dll+0x32d89e]
V  [jvm.dll+0x821780]
V  [jvm.dll+0x3c2661]
V  [jvm.dll+0x801f51]
V  [jvm.dll+0x44ae8f]
V  [jvm.dll+0x44c811]
C  [jli.dll+0x5287]
C  [ucrtbase.dll+0x29333]
C  [KERNEL32.DLL+0x1257d]
C  [ntdll.dll+0x5aa48]


---------------  P R O C E S S  ---------------

Threads class SMR info:
_java_thread_list=0x00007fffb8a4d048, length=0, elements={
}

Java Threads: ( => current thread )

Other Threads:
  0x000001f8af659a20 WorkerThread "GC Thread#0" [stack: 0x0000006570b00000,0x0000006570c00000] [id=10648]
  0x000001f89802fdd0 ConcurrentGCThread "G1 Main Marker" [stack: 0x0000006570c00000,0x0000006570d00000] [id=5744]
  0x000001f898031ec0 WorkerThread "G1 Conc#0" [stack: 0x0000006570d00000,0x0000006570e00000] [id=14220]

[error occurred during error reporting (printing all threads), id 0xc0000005, EXCEPTION_ACCESS_VIOLATION (0xc0000005) at pc=0x00007fffb820d427]

VM state: not at safepoint (not fully initialized)

VM Mutex/Monitor currently owned by a thread:  ([mutex/lock_event])
[0x000001f897fbd950] Heap_lock - owner thread: 0x000001f897fc1c70

CDS archive(s) mapped at: [0x0000000000000000-0x0000000000000000-0x0000000000000000), size 0, SharedBaseAddress: 0x0000000800000000, ArchiveRelocationMode: 0.
Narrow klass base: 0x0000000000000000, Narrow klass shift: 0, Narrow klass range: 0x0

GC Precious Log:
 CardTable entry size: 512
 Card Set container configuration: InlinePtr #cards 3 size 8 Array Of Cards #cards 256 size 528 Howl #buckets 8 coarsen threshold 58982 Howl Bitmap #cards 8192 size 1040 coarsen threshold 7372 Card regions per heap region 1 cards per card region 65536

Heap:
 garbage-first heap   total 0K, used 0K [0x000001f8b0000000, 0x00000211b0000000)
  region size 32768K, 0 young (0K), 0 survivors (0K)

[error occurred during error reporting (printing heap information), id 0xc0000005, EXCEPTION_ACCESS_VIOLATION (0xc0000005) at pc=0x00007fffb8616649]

GC Heap History (0 events):
No events

Dll operation events (1 events):
Event: 0.016 Loaded shared library C:\Program Files\Java\jdk-19\bin\java.dll

Deoptimization events (0 events):
No events

Classes loaded (0 events):
No events

Classes unloaded (0 events):
No events

Classes redefined (0 events):
No events

Internal exceptions (0 events):
No events

VM Operations (0 events):
No events

Events (0 events):
No events


Dynamic libraries:
0x00007ff6e7af0000 - 0x00007ff6e7b00000 	C:\Program Files\Java\jdk-19\bin\java.exe
0x00007ff864450000 - 0x00007ff864667000 	C:\WINDOWS\SYSTEM32\ntdll.dll
0x00007ff862f90000 - 0x00007ff863054000 	C:\WINDOWS\System32\KERNEL32.DLL
0x00007ff861c00000 - 0x00007ff861fa7000 	C:\WINDOWS\System32\KERNELBASE.dll
0x00007ff862030000 - 0x00007ff862141000 	C:\WINDOWS\System32\ucrtbase.dll
0x00007ff8553e0000 - 0x00007ff8553f8000 	C:\Program Files\Java\jdk-19\bin\jli.dll
0x00007ff856460000 - 0x00007ff85647b000 	C:\Program Files\Java\jdk-19\bin\VCRUNTIME140.dll
0x00007ff863540000 - 0x00007ff8635f2000 	C:\WINDOWS\System32\ADVAPI32.dll
0x00007ff8631d0000 - 0x00007ff863277000 	C:\WINDOWS\System32\msvcrt.dll
0x00007ff863ea0000 - 0x00007ff863f48000 	C:\WINDOWS\System32\sechost.dll
0x00007ff861b60000 - 0x00007ff861b88000 	C:\WINDOWS\System32\bcrypt.dll
0x00007ff8642f0000 - 0x00007ff864405000 	C:\WINDOWS\System32\RPCRT4.dll
0x00007ff864050000 - 0x00007ff8641fe000 	C:\WINDOWS\System32\USER32.dll
0x00007ff862150000 - 0x00007ff862176000 	C:\WINDOWS\System32\win32u.dll
0x00007ff863690000 - 0x00007ff8636b9000 	C:\WINDOWS\System32\GDI32.dll
0x00007ff861980000 - 0x00007ff861a99000 	C:\WINDOWS\System32\gdi32full.dll
0x00007ff861770000 - 0x00007ff86180a000 	C:\WINDOWS\System32\msvcp_win.dll
0x00007ff843a40000 - 0x00007ff843cd3000 	C:\WINDOWS\WinSxS\amd64_microsoft.windows.common-controls_6595b64144ccf1df_6.0.22621.3527_none_270e469b73872a76\COMCTL32.dll
0x00007ff854460000 - 0x00007ff85446a000 	C:\WINDOWS\SYSTEM32\VERSION.dll
0x00007ff862f50000 - 0x00007ff862f81000 	C:\WINDOWS\System32\IMM32.DLL
0x00007ff85bd60000 - 0x00007ff85bd6c000 	C:\Program Files\Java\jdk-19\bin\vcruntime140_1.dll
0x00007ff83ed40000 - 0x00007ff83edce000 	C:\Program Files\Java\jdk-19\bin\msvcp140.dll
0x00007fffb7ed0000 - 0x00007fffb8b90000 	C:\Program Files\Java\jdk-19\bin\server\jvm.dll
0x00007ff85cf50000 - 0x00007ff85cf84000 	C:\WINDOWS\SYSTEM32\WINMM.dll
0x00007fffd2bf0000 - 0x00007fffd2bf9000 	C:\WINDOWS\SYSTEM32\WSOCK32.dll
0x00007ff864270000 - 0x00007ff8642e1000 	C:\WINDOWS\System32\WS2_32.dll
0x00007ff860840000 - 0x00007ff860858000 	C:\WINDOWS\SYSTEM32\kernel.appcore.dll
0x00007ff85ba30000 - 0x00007ff85ba3a000 	C:\Program Files\Java\jdk-19\bin\jimage.dll
0x00007ff85edd0000 - 0x00007ff85f003000 	C:\WINDOWS\SYSTEM32\DBGHELP.DLL
0x00007ff862bc0000 - 0x00007ff862f48000 	C:\WINDOWS\System32\combase.dll
0x00007ff863460000 - 0x00007ff863537000 	C:\WINDOWS\System32\OLEAUT32.dll
0x00007ff84eca0000 - 0x00007ff84ecd2000 	C:\WINDOWS\SYSTEM32\dbgcore.DLL
0x00007ff861fb0000 - 0x00007ff862029000 	C:\WINDOWS\System32\bcryptPrimitives.dll
0x00007ff8596c0000 - 0x00007ff8596ce000 	C:\Program Files\Java\jdk-19\bin\instrument.dll
0x00007ff8553b0000 - 0x00007ff8553d6000 	C:\Program Files\Java\jdk-19\bin\java.dll

dbghelp: loaded successfully - version: 4.0.5 - missing functions: none
symbol engine: initialized successfully - sym options: 0x614 - pdb path: .;C:\Program Files\Java\jdk-19\bin;C:\WINDOWS\SYSTEM32;C:\WINDOWS\WinSxS\amd64_microsoft.windows.common-controls_6595b64144ccf1df_6.0.22621.3527_none_270e469b73872a76;C:\Program Files\Java\jdk-19\bin\server

VM Arguments:
jvm_args: -Xms102400M -javaagent:C:\Users\jorge\AppData\Local\JetBrains\IntelliJ IDEA 2023.2.4\lib\idea_rt.jar=40538:C:\Users\jorge\AppData\Local\JetBrains\IntelliJ IDEA 2023.2.4\bin -Dfile.encoding=UTF-8 -Dsun.stdout.encoding=UTF-8 -Dsun.stderr.encoding=UTF-8 
java_command: p7.Cuadrado_Numerico_Ramifica
java_class_path (initial): C:\Users\jorge\OneDrive\Escritorio\uo\2\Algoritmia\lab\lab9\ws\out\production\ws
Launcher Type: SUN_STANDARD

[Global flags]
     intx CICompilerCount                          = 4                                         {product} {ergonomic}
     uint ConcGCThreads                            = 2                                         {product} {ergonomic}
     uint G1ConcRefinementThreads                  = 8                                         {product} {ergonomic}
   size_t G1HeapRegionSize                         = 33554432                                  {product} {ergonomic}
    uintx GCDrainStackTargetSize                   = 64                                        {product} {ergonomic}
   size_t InitialHeapSize                          = 107374182400                              {product} {command line}
   size_t MarkStackSize                            = 4194304                                   {product} {ergonomic}
   size_t MaxHeapSize                              = 107374182400                              {product} {ergonomic}
   size_t MinHeapDeltaBytes                        = 33554432                                  {product} {ergonomic}
   size_t MinHeapSize                              = 107374182400                              {product} {command line}
    uintx NonNMethodCodeHeapSize                   = 5839372                                {pd product} {ergonomic}
    uintx NonProfiledCodeHeapSize                  = 122909434                              {pd product} {ergonomic}
    uintx ProfiledCodeHeapSize                     = 122909434                              {pd product} {ergonomic}
    uintx ReservedCodeCacheSize                    = 251658240                              {pd product} {ergonomic}
     bool SegmentedCodeCache                       = true                                      {product} {ergonomic}
   size_t SoftMaxHeapSize                          = 107374182400                           {manageable} {ergonomic}
     bool UseCompressedClassPointers               = true                           {product lp64_product} {ergonomic}
     bool UseG1GC                                  = true                                      {product} {ergonomic}
     bool UseLargePagesIndividualAllocation        = false                                  {pd product} {ergonomic}

Logging:
Log output configuration:
 #0: stdout all=warning uptime,level,tags foldmultilines=false
 #1: stderr all=off uptime,level,tags foldmultilines=false

Environment Variables:
PATH=C:\Program Files\Common Files\Oracle\Java\javapath;C:\Windows\system32;C:\Windows;C:\Windows\System32\Wbem;C:\Windows\System32\WindowsPowerShell\v1.0\;C:\Windows\System32\OpenSSH\;C:\Program Files (x86)\NVIDIA Corporation\PhysX\Common;C:\Program Files\NVIDIA Corporation\NVIDIA NvDLISR;C:\WINDOWS\system32;C:\WINDOWS;C:\WINDOWS\System32\Wbem;C:\WINDOWS\System32\WindowsPowerShell\v1.0\;C:\WINDOWS\System32\OpenSSH\;D:\matlab\bin;C:\Program Files\dotnet\;C:\Program Files (x86)\Windows Kits\10\Windows Performance Toolkit\;C:\Program Files\PuTTY\;C:\Program Files\Git\cmd;C:\Users\jorge\AppData\Local\Programs\Python\Python310\Scripts\;C:\Users\jorge\AppData\Local\Programs\Python\Python310\;C:\Users\jorge\AppData\Local\Microsoft\WindowsApps;C:\Users\jorge\AppData\Local\Programs\Microsoft VS Code\bin;C:\Program Files (x86)\Nmap;D:\jorge\sdk android\platform-tools;D:\jorge\meta;C:\Users\jorge\AppData\Local\GitHubDesktop\bin;C:\Users\jorge\.dotnet\tools;C:\Users\jorge\AppData\Local\Programs\Microsoft VS Code\;C:\Program Files\Vim\vim91\;C:\Users\jorge\OneDrive\Escritorio\sql\;C:\Users\jorge\AppData\Local\JetBrains\Toolbox\scripts;C:\Users\jorge\.dotnet\tools
USERNAME=jorge
OS=Windows_NT
PROCESSOR_IDENTIFIER=Intel64 Family 6 Model 142 Stepping 12, GenuineIntel
TMP=C:\Users\jorge\AppData\Local\Temp
TEMP=C:\Users\jorge\AppData\Local\Temp



---------------  S Y S T E M  ---------------

OS:
 Windows 11 , 64 bit Build 22621 (10.0.22621.3527)
OS uptime: 0 days 1:19 hours
Hyper-V role detected

CPU: total 8 (initial active 8) (4 cores per cpu, 2 threads per core) family 6 model 142 stepping 12 microcode 0xde, cx8, cmov, fxsr, ht, mmx, 3dnowpref, sse, sse2, sse3, ssse3, sse4.1, sse4.2, popcnt, lzcnt, tsc, tscinvbit, avx, avx2, aes, erms, clmul, bmi1, bmi2, adx, fma, vzeroupper, clflush, clflushopt, hv, rdtscp

Memory: 4k page, system-wide physical 16212M (5964M free)
TotalPageFile size 21332M (AvailPageFile size 8642M)
current process WorkingSet (physical memory assigned to process): 15M, peak: 15M
current process commit charge ("private bytes"): 65M, peak: 102464M

vm_info: Java HotSpot(TM) 64-Bit Server VM (19.0.2+7-44) for windows-amd64 JRE (19.0.2+7-44), built on 2022-11-30T18:02:09Z by "mach5one" with MS VC++ 17.1 (VS2022)

END.
